CRITICAL - 2025-11-17 03:50:32 --> CodeIgniter\HTTP\Exceptions\HTTPException: Request URI segment is out of range: "2"
[Method: GET, Route: /]
in SYSTEMPATH\HTTP\URI.php on line 574.
 1 SYSTEMPATH\HTTP\URI.php(574): CodeIgniter\HTTP\Exceptions\HTTPException::forURISegmentOutOfRange(2)
 2 APPPATH\Views\include\nav_view.php(5): CodeIgniter\HTTP\URI->getSegment(2)
 3 SYSTEMPATH\View\View.php(226): include('C:\\xampp\\htdocs\\ITSO\\app\\Views\\include\\nav_view.php')
 4 SYSTEMPATH\View\View.php(229): CodeIgniter\View\View->CodeIgniter\View\{closure}()
 5 SYSTEMPATH\Common.php(1167): CodeIgniter\View\View->render('include\\nav_view', [], true)
 6 APPPATH\Controllers\Index.php(11): view('include\\nav_view')
 7 SYSTEMPATH\CodeIgniter.php(933): App\Controllers\Index->index()
 8 SYSTEMPATH\CodeIgniter.php(507): CodeIgniter\CodeIgniter->runController(Object(App\Controllers\Index))
 9 SYSTEMPATH\CodeIgniter.php(354): CodeIgniter\CodeIgniter->handleRequest(null, Object(Config\Cache), false)
10 SYSTEMPATH\Boot.php(363): CodeIgniter\CodeIgniter->run()
11 SYSTEMPATH\Boot.php(68): CodeIgniter\Boot::runCodeIgniter(Object(CodeIgniter\CodeIgniter))
12 FCPATH\index.php(59): CodeIgniter\Boot::bootWeb(Object(Config\Paths))
CRITICAL - 2025-11-17 03:51:23 --> CodeIgniter\HTTP\Exceptions\HTTPException: Request URI segment is out of range: "2"
[Method: GET, Route: /]
in SYSTEMPATH\HTTP\URI.php on line 574.
 1 SYSTEMPATH\HTTP\URI.php(574): CodeIgniter\HTTP\Exceptions\HTTPException::forURISegmentOutOfRange(2)
 2 APPPATH\Views\include\nav_view.php(6): CodeIgniter\HTTP\URI->getSegment(2, '')
 3 SYSTEMPATH\View\View.php(226): include('C:\\xampp\\htdocs\\ITSO\\app\\Views\\include\\nav_view.php')
 4 SYSTEMPATH\View\View.php(229): CodeIgniter\View\View->CodeIgniter\View\{closure}()
 5 SYSTEMPATH\Common.php(1167): CodeIgniter\View\View->render('include\\nav_view', [], true)
 6 APPPATH\Controllers\Index.php(11): view('include\\nav_view')
 7 SYSTEMPATH\CodeIgniter.php(933): App\Controllers\Index->index()
 8 SYSTEMPATH\CodeIgniter.php(507): CodeIgniter\CodeIgniter->runController(Object(App\Controllers\Index))
 9 SYSTEMPATH\CodeIgniter.php(354): CodeIgniter\CodeIgniter->handleRequest(null, Object(Config\Cache), false)
10 SYSTEMPATH\Boot.php(363): CodeIgniter\CodeIgniter->run()
11 SYSTEMPATH\Boot.php(68): CodeIgniter\Boot::runCodeIgniter(Object(CodeIgniter\CodeIgniter))
12 FCPATH\index.php(59): CodeIgniter\Boot::bootWeb(Object(Config\Paths))
CRITICAL - 2025-11-17 03:51:24 --> CodeIgniter\HTTP\Exceptions\HTTPException: Request URI segment is out of range: "2"
[Method: GET, Route: /]
in SYSTEMPATH\HTTP\URI.php on line 574.
 1 SYSTEMPATH\HTTP\URI.php(574): CodeIgniter\HTTP\Exceptions\HTTPException::forURISegmentOutOfRange(2)
 2 APPPATH\Views\include\nav_view.php(6): CodeIgniter\HTTP\URI->getSegment(2, '')
 3 SYSTEMPATH\View\View.php(226): include('C:\\xampp\\htdocs\\ITSO\\app\\Views\\include\\nav_view.php')
 4 SYSTEMPATH\View\View.php(229): CodeIgniter\View\View->CodeIgniter\View\{closure}()
 5 SYSTEMPATH\Common.php(1167): CodeIgniter\View\View->render('include\\nav_view', [], true)
 6 APPPATH\Controllers\Index.php(11): view('include\\nav_view')
 7 SYSTEMPATH\CodeIgniter.php(933): App\Controllers\Index->index()
 8 SYSTEMPATH\CodeIgniter.php(507): CodeIgniter\CodeIgniter->runController(Object(App\Controllers\Index))
 9 SYSTEMPATH\CodeIgniter.php(354): CodeIgniter\CodeIgniter->handleRequest(null, Object(Config\Cache), false)
10 SYSTEMPATH\Boot.php(363): CodeIgniter\CodeIgniter->run()
11 SYSTEMPATH\Boot.php(68): CodeIgniter\Boot::runCodeIgniter(Object(CodeIgniter\CodeIgniter))
12 FCPATH\index.php(59): CodeIgniter\Boot::bootWeb(Object(Config\Paths))
CRITICAL - 2025-11-17 04:04:10 --> CodeIgniter\View\Exceptions\ViewException: Invalid file: "userslist_view.php"
[Method: GET, Route: itso/users]
in SYSTEMPATH\Exceptions\FrameworkException.php on line 39.
 1 SYSTEMPATH\View\View.php(214): CodeIgniter\Exceptions\FrameworkException::forInvalidFile('userslist_view.php')
 2 SYSTEMPATH\Common.php(1167): CodeIgniter\View\View->render('userslist_view', [], true)
 3 APPPATH\Controllers\Users.php(12): view('userslist_view')
 4 SYSTEMPATH\CodeIgniter.php(933): App\Controllers\Users->index()
 5 SYSTEMPATH\CodeIgniter.php(507): CodeIgniter\CodeIgniter->runController(Object(App\Controllers\Users))
 6 SYSTEMPATH\CodeIgniter.php(354): CodeIgniter\CodeIgniter->handleRequest(null, Object(Config\Cache), false)
 7 SYSTEMPATH\Boot.php(363): CodeIgniter\CodeIgniter->run()
 8 SYSTEMPATH\Boot.php(68): CodeIgniter\Boot::runCodeIgniter(Object(CodeIgniter\CodeIgniter))
 9 FCPATH\index.php(59): CodeIgniter\Boot::bootWeb(Object(Config\Paths))
CRITICAL - 2025-11-17 04:04:33 --> CodeIgniter\View\Exceptions\ViewException: Invalid file: "userslist_view.php"
[Method: GET, Route: itso/users]
in SYSTEMPATH\Exceptions\FrameworkException.php on line 39.
 1 SYSTEMPATH\View\View.php(214): CodeIgniter\Exceptions\FrameworkException::forInvalidFile('userslist_view.php')
 2 SYSTEMPATH\Common.php(1167): CodeIgniter\View\View->render('userslist_view', [], true)
 3 APPPATH\Controllers\Users.php(12): view('userslist_view')
 4 SYSTEMPATH\CodeIgniter.php(933): App\Controllers\Users->index()
 5 SYSTEMPATH\CodeIgniter.php(507): CodeIgniter\CodeIgniter->runController(Object(App\Controllers\Users))
 6 SYSTEMPATH\CodeIgniter.php(354): CodeIgniter\CodeIgniter->handleRequest(null, Object(Config\Cache), false)
 7 SYSTEMPATH\Boot.php(363): CodeIgniter\CodeIgniter->run()
 8 SYSTEMPATH\Boot.php(68): CodeIgniter\Boot::runCodeIgniter(Object(CodeIgniter\CodeIgniter))
 9 FCPATH\index.php(59): CodeIgniter\Boot::bootWeb(Object(Config\Paths))
CRITICAL - 2025-11-17 04:06:32 --> CodeIgniter\View\Exceptions\ViewException: Invalid file: "userslist_view.php"
[Method: GET, Route: itso/users]
in SYSTEMPATH\Exceptions\FrameworkException.php on line 39.
 1 SYSTEMPATH\View\View.php(214): CodeIgniter\Exceptions\FrameworkException::forInvalidFile('userslist_view.php')
 2 SYSTEMPATH\Common.php(1167): CodeIgniter\View\View->render('userslist_view', [], true)
 3 APPPATH\Controllers\Users.php(12): view('userslist_view')
 4 SYSTEMPATH\CodeIgniter.php(933): App\Controllers\Users->index()
 5 SYSTEMPATH\CodeIgniter.php(507): CodeIgniter\CodeIgniter->runController(Object(App\Controllers\Users))
 6 SYSTEMPATH\CodeIgniter.php(354): CodeIgniter\CodeIgniter->handleRequest(null, Object(Config\Cache), false)
 7 SYSTEMPATH\Boot.php(363): CodeIgniter\CodeIgniter->run()
 8 SYSTEMPATH\Boot.php(68): CodeIgniter\Boot::runCodeIgniter(Object(CodeIgniter\CodeIgniter))
 9 FCPATH\index.php(59): CodeIgniter\Boot::bootWeb(Object(Config\Paths))
CRITICAL - 2025-11-17 04:44:22 --> CodeIgniter\View\Exceptions\ViewException: Invalid file: "main_view.php"
[Method: GET, Route: /]
in SYSTEMPATH\Exceptions\FrameworkException.php on line 39.
 1 SYSTEMPATH\View\View.php(214): CodeIgniter\Exceptions\FrameworkException::forInvalidFile('main_view.php')
 2 SYSTEMPATH\Common.php(1167): CodeIgniter\View\View->render('main_view', [], true)
 3 APPPATH\Controllers\Index.php(12): view('main_view', [...])
 4 SYSTEMPATH\CodeIgniter.php(933): App\Controllers\Index->index()
 5 SYSTEMPATH\CodeIgniter.php(507): CodeIgniter\CodeIgniter->runController(Object(App\Controllers\Index))
 6 SYSTEMPATH\CodeIgniter.php(354): CodeIgniter\CodeIgniter->handleRequest(null, Object(Config\Cache), false)
 7 SYSTEMPATH\Boot.php(363): CodeIgniter\CodeIgniter->run()
 8 SYSTEMPATH\Boot.php(68): CodeIgniter\Boot::runCodeIgniter(Object(CodeIgniter\CodeIgniter))
 9 FCPATH\index.php(59): CodeIgniter\Boot::bootWeb(Object(Config\Paths))
CRITICAL - 2025-11-17 04:46:19 --> CodeIgniter\View\Exceptions\ViewException: Invalid file: "users/userslist_view.php"
[Method: GET, Route: itso/users]
in SYSTEMPATH\Exceptions\FrameworkException.php on line 39.
 1 SYSTEMPATH\View\View.php(214): CodeIgniter\Exceptions\FrameworkException::forInvalidFile('users/userslist_view.php')
 2 SYSTEMPATH\Common.php(1167): CodeIgniter\View\View->render('users/userslist_view', [], true)
 3 APPPATH\Controllers\Users.php(12): view('users/userslist_view')
 4 SYSTEMPATH\CodeIgniter.php(933): App\Controllers\Users->index()
 5 SYSTEMPATH\CodeIgniter.php(507): CodeIgniter\CodeIgniter->runController(Object(App\Controllers\Users))
 6 SYSTEMPATH\CodeIgniter.php(354): CodeIgniter\CodeIgniter->handleRequest(null, Object(Config\Cache), false)
 7 SYSTEMPATH\Boot.php(363): CodeIgniter\CodeIgniter->run()
 8 SYSTEMPATH\Boot.php(68): CodeIgniter\Boot::runCodeIgniter(Object(CodeIgniter\CodeIgniter))
 9 FCPATH\index.php(59): CodeIgniter\Boot::bootWeb(Object(Config\Paths))
CRITICAL - 2025-11-17 04:46:31 --> CodeIgniter\View\Exceptions\ViewException: Invalid file: "users/userslist_view.php"
[Method: GET, Route: itso/users]
in SYSTEMPATH\Exceptions\FrameworkException.php on line 39.
 1 SYSTEMPATH\View\View.php(214): CodeIgniter\Exceptions\FrameworkException::forInvalidFile('users/userslist_view.php')
 2 SYSTEMPATH\Common.php(1167): CodeIgniter\View\View->render('users/userslist_view', [], true)
 3 APPPATH\Controllers\Users.php(12): view('users/userslist_view')
 4 SYSTEMPATH\CodeIgniter.php(933): App\Controllers\Users->index()
 5 SYSTEMPATH\CodeIgniter.php(507): CodeIgniter\CodeIgniter->runController(Object(App\Controllers\Users))
 6 SYSTEMPATH\CodeIgniter.php(354): CodeIgniter\CodeIgniter->handleRequest(null, Object(Config\Cache), false)
 7 SYSTEMPATH\Boot.php(363): CodeIgniter\CodeIgniter->run()
 8 SYSTEMPATH\Boot.php(68): CodeIgniter\Boot::runCodeIgniter(Object(CodeIgniter\CodeIgniter))
 9 FCPATH\index.php(59): CodeIgniter\Boot::bootWeb(Object(Config\Paths))
